client/android/app/build/intermediates/manifest_merge_blame_file/debug/manifest-merger-blame-debug-report.txt
1<?xml version="1.0" encoding="utf-8"?>
2<manifest xmlns:android="http://schemas.android.com/apk/res/android"
3    package="com.planby.buzzy"
4    android:versionCode="1"
5    android:versionName="1.0.0" >
6
7    <uses-sdk
8        android:minSdkVersion="21"
9        android:targetSdkVersion="30" />
10
11    <uses-permission android:name="android.permission.SYSTEM_ALERT_WINDOW" />
11-->src/main/AndroidManifest.xml:7:3-75
11-->src/main/AndroidManifest.xml:7:20-73
12    <uses-permission android:name="android.permission.ACCESS_COARSE_LOCATION" />
12-->src/main/AndroidManifest.xml:2:3-78
12-->src/main/AndroidManifest.xml:2:20-76
13    <uses-permission android:name="android.permission.ACCESS_FINE_LOCATION" />
13-->src/main/AndroidManifest.xml:3:3-76
13-->src/main/AndroidManifest.xml:3:20-74
14    <uses-permission android:name="android.permission.FOREGROUND_SERVICE" />
14-->src/main/AndroidManifest.xml:4:3-74
14-->src/main/AndroidManifest.xml:4:20-72
15    <uses-permission android:name="android.permission.INTERNET" />
15-->src/main/AndroidManifest.xml:5:3-64
15-->src/main/AndroidManifest.xml:5:20-62
16    <uses-permission android:name="android.permission.READ_EXTERNAL_STORAGE" />
16-->src/main/AndroidManifest.xml:6:3-77
16-->src/main/AndroidManifest.xml:6:20-75
17    <uses-permission android:name="android.permission.VIBRATE" />
17-->src/main/AndroidManifest.xml:8:3-63
17-->src/main/AndroidManifest.xml:8:20-61
18    <uses-permission android:name="android.permission.WRITE_EXTERNAL_STORAGE" />
18-->src/main/AndroidManifest.xml:9:3-78
18-->src/main/AndroidManifest.xml:9:20-76
19
20    <queries>
20-->src/main/AndroidManifest.xml:10:3-16:13
21        <intent>
21-->src/main/AndroidManifest.xml:11:5-15:14
22            <action android:name="android.intent.action.VIEW" />
22-->src/main/AndroidManifest.xml:12:7-58
22-->src/main/AndroidManifest.xml:12:15-56
23
24            <category android:name="android.intent.category.BROWSABLE" />
24-->src/main/AndroidManifest.xml:13:7-67
24-->src/main/AndroidManifest.xml:13:17-65
25
26            <data android:scheme="https" />
26-->src/main/AndroidManifest.xml:14:7-37
26-->src/main/AndroidManifest.xml:14:13-35
27        </intent>
28        <!-- Query open documents -->
29        <intent>
29-->[:expo-file-system] AndroidManifest.xml:19:9-21:18
30            <action android:name="android.intent.action.OPEN_DOCUMENT_TREE" />
30-->[:expo-file-system] AndroidManifest.xml:20:13-79
30-->[:expo-file-system] AndroidManifest.xml:20:21-76
31        </intent>
32    </queries>
33
34    <uses-permission android:name="android.permission.ACCESS_WIFI_STATE" />
34-->[com.facebook.flipper:flipper:0.54.0] AndroidManifest.xml:16:5-76
34-->[com.facebook.flipper:flipper:0.54.0] AndroidManifest.xml:16:22-73
35    <uses-permission android:name="android.permission.READ_PHONE_STATE" /> <!-- Include required permissions for Google Maps API to run. -->
36    <uses-permission android:name="android.permission.ACCESS_NETWORK_STATE" />
36-->[com.google.android.gms:play-services-maps:17.0.0] AndroidManifest.xml:23:5-79
36-->[com.google.android.gms:play-services-maps:17.0.0] AndroidManifest.xml:23:22-76
37
38    <uses-feature
38-->[com.google.android.gms:play-services-maps:17.0.0] AndroidManifest.xml:26:5-28:35
39        android:glEsVersion="0x00020000"
39-->[com.google.android.gms:play-services-maps:17.0.0] AndroidManifest.xml:27:9-41
40        android:required="true" />
40-->[com.google.android.gms:play-services-maps:17.0.0] AndroidManifest.xml:28:9-32
41
42    <uses-permission android:name="com.google.android.finsky.permission.BIND_GET_INSTALL_REFERRER_SERVICE" />
42-->[com.android.installreferrer:installreferrer:1.0] AndroidManifest.xml:9:5-110
42-->[com.android.installreferrer:installreferrer:1.0] AndroidManifest.xml:9:22-107
43    <uses-permission android:name="com.google.android.providers.gsf.permission.READ_GSERVICES" />
43-->[io.nlopez.smartlocation:library:3.2.11] AndroidManifest.xml:15:5-98
43-->[io.nlopez.smartlocation:library:3.2.11] AndroidManifest.xml:15:22-95
44    <uses-permission android:name="com.google.android.gms.permission.ACTIVITY_RECOGNITION" />
44-->[io.nlopez.smartlocation:library:3.2.11] AndroidManifest.xml:16:5-94
44-->[io.nlopez.smartlocation:library:3.2.11] AndroidManifest.xml:16:22-91
45
46    <application
46-->src/main/AndroidManifest.xml:17:3-39:17
47        android:name="com.planby.buzzy.MainApplication"
47-->src/main/AndroidManifest.xml:17:16-47
48        android:allowBackup="true"
48-->src/main/AndroidManifest.xml:17:162-188
49        android:appComponentFactory="androidx.core.app.CoreComponentFactory"
49-->[androidx.core:core:1.6.0] AndroidManifest.xml:24:18-86
50        android:debuggable="true"
51        android:icon="@mipmap/ic_launcher"
51-->src/main/AndroidManifest.xml:17:81-115
52        android:label="@string/app_name"
52-->src/main/AndroidManifest.xml:17:48-80
53        android:roundIcon="@mipmap/ic_launcher_round"
53-->src/main/AndroidManifest.xml:17:116-161
54        android:theme="@style/AppTheme"
54-->src/main/AndroidManifest.xml:17:189-220
55        android:usesCleartextTraffic="true" >
55-->src/main/AndroidManifest.xml:17:221-256
56        <meta-data
56-->src/main/AndroidManifest.xml:18:5-82
57            android:name="expo.modules.updates.ENABLED"
57-->src/main/AndroidManifest.xml:18:16-59
58            android:value="true" />
58-->src/main/AndroidManifest.xml:18:60-80
59        <meta-data
59-->src/main/AndroidManifest.xml:19:5-93
60            android:name="expo.modules.updates.EXPO_SDK_VERSION"
60-->src/main/AndroidManifest.xml:19:16-68
61            android:value="44.0.0" />
61-->src/main/AndroidManifest.xml:19:69-91
62        <meta-data
62-->src/main/AndroidManifest.xml:20:5-105
63            android:name="expo.modules.updates.EXPO_UPDATES_CHECK_ON_LAUNCH"
63-->src/main/AndroidManifest.xml:20:16-80
64            android:value="ALWAYS" />
64-->src/main/AndroidManifest.xml:20:81-103
65        <meta-data
65-->src/main/AndroidManifest.xml:21:5-99
66            android:name="expo.modules.updates.EXPO_UPDATES_LAUNCH_WAIT_MS"
66-->src/main/AndroidManifest.xml:21:16-79
67            android:value="0" />
67-->src/main/AndroidManifest.xml:21:80-97
68        <meta-data
68-->src/main/AndroidManifest.xml:22:5-119
69            android:name="expo.modules.updates.EXPO_UPDATE_URL"
69-->src/main/AndroidManifest.xml:22:16-67
70            android:value="https://exp.host/@anonymous/mapV2" />
70-->src/main/AndroidManifest.xml:22:68-117
71        <meta-data
71-->src/main/AndroidManifest.xml:23:5-25:64
72            android:name="com.google.android.geo.API_KEY"
72-->src/main/AndroidManifest.xml:24:7-52
73            android:value="AIzaSyCrUq-EHAwdB_IAqhUFYqhuEeY7dX9amb4" />
73-->src/main/AndroidManifest.xml:25:7-62
74
75        <activity
75-->src/main/AndroidManifest.xml:26:5-37:16
76            android:name="com.planby.buzzy.MainActivity"
76-->src/main/AndroidManifest.xml:26:15-43
77            android:configChanges="keyboard|keyboardHidden|orientation|screenSize|uiMode"
77-->src/main/AndroidManifest.xml:26:77-154
78            android:label="@string/app_name"
78-->src/main/AndroidManifest.xml:26:44-76
79            android:launchMode="singleTask"
79-->src/main/AndroidManifest.xml:26:155-186
80            android:screenOrientation="portrait"
80-->src/main/AndroidManifest.xml:26:276-312
81            android:theme="@style/Theme.App.SplashScreen"
81-->src/main/AndroidManifest.xml:26:230-275
82            android:windowSoftInputMode="adjustResize" >
82-->src/main/AndroidManifest.xml:26:187-229
83            <intent-filter>
83-->src/main/AndroidManifest.xml:27:7-30:23
84                <action android:name="android.intent.action.MAIN" />
84-->src/main/AndroidManifest.xml:28:9-60
84-->src/main/AndroidManifest.xml:28:17-58
85
86                <category android:name="android.intent.category.LAUNCHER" />
86-->src/main/AndroidManifest.xml:29:9-68
86-->src/main/AndroidManifest.xml:29:19-66
87            </intent-filter>
88            <intent-filter>
88-->src/main/AndroidManifest.xml:31:7-36:23
89                <action android:name="android.intent.action.VIEW" />
89-->src/main/AndroidManifest.xml:12:7-58
89-->src/main/AndroidManifest.xml:12:15-56
90
91                <category android:name="android.intent.category.DEFAULT" />
91-->src/main/AndroidManifest.xml:33:9-67
91-->src/main/AndroidManifest.xml:33:19-65
92                <category android:name="android.intent.category.BROWSABLE" />
92-->src/main/AndroidManifest.xml:13:7-67
92-->src/main/AndroidManifest.xml:13:17-65
93
94                <data android:scheme="com.planby.buzzy" />
94-->src/main/AndroidManifest.xml:14:7-37
94-->src/main/AndroidManifest.xml:14:13-35
95            </intent-filter>
96        </activity>
97        <activity android:name="com.facebook.react.devsupport.DevSettingsActivity" />
97-->src/main/AndroidManifest.xml:38:5-81
97-->src/main/AndroidManifest.xml:38:15-79
98
99        <provider
99-->[:expo-file-system] AndroidManifest.xml:25:9-34:20
100            android:name="expo.modules.filesystem.FileSystemFileProvider"
100-->[:expo-file-system] AndroidManifest.xml:26:13-74
101            android:authorities="com.planby.buzzy.FileSystemFileProvider"
101-->[:expo-file-system] AndroidManifest.xml:27:13-74
102            android:exported="false"
102-->[:expo-file-system] AndroidManifest.xml:28:13-37
103            android:grantUriPermissions="true" >
103-->[:expo-file-system] AndroidManifest.xml:29:13-47
104            <meta-data
104-->[:expo-file-system] AndroidManifest.xml:31:13-33:70
105                android:name="android.support.FILE_PROVIDER_PATHS"
105-->[:expo-file-system] AndroidManifest.xml:32:17-67
106                android:resource="@xml/file_system_provider_paths" />
106-->[:expo-file-system] AndroidManifest.xml:33:17-67
107        </provider>
108
109        <service
109-->[:expo-location] AndroidManifest.xml:16:9-19:56
110            android:name="expo.modules.location.services.LocationTaskService"
110-->[:expo-location] AndroidManifest.xml:17:13-78
111            android:exported="false"
111-->[:expo-location] AndroidManifest.xml:18:13-37
112            android:foregroundServiceType="location" />
112-->[:expo-location] AndroidManifest.xml:19:13-53
113
114        <meta-data
114-->[:expo-modules-core] AndroidManifest.xml:12:9-14:89
115            android:name="org.unimodules.core.AppLoader#react-native-headless"
115-->[:expo-modules-core] AndroidManifest.xml:13:13-79
116            android:value="expo.modules.adapters.react.apploader.RNHeadlessAppLoader" /> <!-- Needs to be explicitly declared on P+ -->
116-->[:expo-modules-core] AndroidManifest.xml:14:13-86
117        <uses-library
117-->[com.google.android.gms:play-services-maps:17.0.0] AndroidManifest.xml:33:9-35:40
118            android:name="org.apache.http.legacy"
118-->[com.google.android.gms:play-services-maps:17.0.0] AndroidManifest.xml:34:13-50
119            android:required="false" />
119-->[com.google.android.gms:play-services-maps:17.0.0] AndroidManifest.xml:35:13-37
120
121        <activity
121-->[com.google.android.gms:play-services-base:17.0.0] AndroidManifest.xml:23:9-26:75
122            android:name="com.google.android.gms.common.api.GoogleApiActivity"
122-->[com.google.android.gms:play-services-base:17.0.0] AndroidManifest.xml:24:13-79
123            android:exported="false"
123-->[com.google.android.gms:play-services-base:17.0.0] AndroidManifest.xml:25:13-37
124            android:theme="@android:style/Theme.Translucent.NoTitleBar" />
124-->[com.google.android.gms:play-services-base:17.0.0] AndroidManifest.xml:26:13-72
125
126        <meta-data
126-->[com.google.android.gms:play-services-basement:17.0.0] AndroidManifest.xml:23:9-25:69
127            android:name="com.google.android.gms.version"
127-->[com.google.android.gms:play-services-basement:17.0.0] AndroidManifest.xml:24:13-58
128            android:value="@integer/google_play_services_version" />
128-->[com.google.android.gms:play-services-basement:17.0.0] AndroidManifest.xml:25:13-66
129
130        <service
130-->[io.nlopez.smartlocation:library:3.2.11] AndroidManifest.xml:19:9-21:40
131            android:name="io.nlopez.smartlocation.activity.providers.ActivityGooglePlayServicesProvider$ActivityRecognitionService"
131-->[io.nlopez.smartlocation:library:3.2.11] AndroidManifest.xml:20:13-132
132            android:exported="false" />
132-->[io.nlopez.smartlocation:library:3.2.11] AndroidManifest.xml:21:13-37
133        <service
133-->[io.nlopez.smartlocation:library:3.2.11] AndroidManifest.xml:22:9-24:40
134            android:name="io.nlopez.smartlocation.geofencing.providers.GeofencingGooglePlayServicesProvider$GeofencingService"
134-->[io.nlopez.smartlocation:library:3.2.11] AndroidManifest.xml:23:13-127
135            android:exported="false" />
135-->[io.nlopez.smartlocation:library:3.2.11] AndroidManifest.xml:24:13-37
136        <service
136-->[io.nlopez.smartlocation:library:3.2.11] AndroidManifest.xml:25:9-27:40
137            android:name="io.nlopez.smartlocation.geocoding.providers.AndroidGeocodingProvider$AndroidGeocodingService"
137-->[io.nlopez.smartlocation:library:3.2.11] AndroidManifest.xml:26:13-120
138            android:exported="false" />
138-->[io.nlopez.smartlocation:library:3.2.11] AndroidManifest.xml:27:13-37
139    </application>
140
141</manifest>